Performing C++ SOURCE FILE Test CMAKE_HAVE_LIBC_PTHREAD failed with the following output:
Change Dir: /workspaces/power-estimation/build/CMakeFiles/CMakeTmp

Run Build Command(s):/usr/bin/make cmTC_825ca/fast && /usr/bin/make -f CMakeFiles/cmTC_825ca.dir/build.make CMakeFiles/cmTC_825ca.dir/build
make[1]: Entering directory '/workspaces/power-estimation/build/CMakeFiles/CMakeTmp'
Building CXX object CMakeFiles/cmTC_825ca.dir/src.cxx.o
/usr/bin/clang++    -DCMAKE_HAVE_LIBC_PTHREAD   -o CMakeFiles/cmTC_825ca.dir/src.cxx.o -c /workspaces/power-estimation/build/CMakeFiles/CMakeTmp/src.cxx
Linking CXX executable cmTC_825ca
/usr/bin/cmake -E cmake_link_script CMakeFiles/cmTC_825ca.dir/link.txt --verbose=1
/usr/bin/clang++   -DCMAKE_HAVE_LIBC_PTHREAD    CMakeFiles/cmTC_825ca.dir/src.cxx.o  -o cmTC_825ca 
/usr/bin/ld: CMakeFiles/cmTC_825ca.dir/src.cxx.o: in function `main':
src.cxx:(.text+0x35): undefined reference to `pthread_create'
/usr/bin/ld: src.cxx:(.text+0x41): undefined reference to `pthread_detach'
/usr/bin/ld: src.cxx:(.text+0x53): undefined reference to `pthread_join'
clang: error: linker command failed with exit code 1 (use -v to see invocation)
make[1]: *** [CMakeFiles/cmTC_825ca.dir/build.make:87: cmTC_825ca] Error 1
make[1]: Leaving directory '/workspaces/power-estimation/build/CMakeFiles/CMakeTmp'
make: *** [Makefile:121: cmTC_825ca/fast] Error 2


Source file was:
#include <pthread.h>

void* test_func(void* data)
{
  return data;
}

int main(void)
{
  pthread_t thread;
  pthread_create(&thread, NULL, test_func, NULL);
  pthread_detach(thread);
  pthread_join(thread, NULL);
  pthread_atfork(NULL, NULL, NULL);
  pthread_exit(NULL);

  return 0;
}

Determining if the function pthread_create exists in the pthreads failed with the following output:
Change Dir: /workspaces/power-estimation/build/CMakeFiles/CMakeTmp

Run Build Command(s):/usr/bin/make cmTC_fb451/fast && /usr/bin/make -f CMakeFiles/cmTC_fb451.dir/build.make CMakeFiles/cmTC_fb451.dir/build
make[1]: Entering directory '/workspaces/power-estimation/build/CMakeFiles/CMakeTmp'
Building CXX object CMakeFiles/cmTC_fb451.dir/CheckFunctionExists.cxx.o
/usr/bin/clang++    -DCHECK_FUNCTION_EXISTS=pthread_create   -o CMakeFiles/cmTC_fb451.dir/CheckFunctionExists.cxx.o -c /workspaces/power-estimation/build/CMakeFiles/CheckLibraryExists/CheckFunctionExists.cxx
Linking CXX executable cmTC_fb451
/usr/bin/cmake -E cmake_link_script CMakeFiles/cmTC_fb451.dir/link.txt --verbose=1
/usr/bin/clang++   -DCHECK_FUNCTION_EXISTS=pthread_create    CMakeFiles/cmTC_fb451.dir/CheckFunctionExists.cxx.o  -o cmTC_fb451  -lpthreads 
/usr/bin/ld: cannot find -lpthreads
clang: error: linker command failed with exit code 1 (use -v to see invocation)
make[1]: *** [CMakeFiles/cmTC_fb451.dir/build.make:87: cmTC_fb451] Error 1
make[1]: Leaving directory '/workspaces/power-estimation/build/CMakeFiles/CMakeTmp'
make: *** [Makefile:121: cmTC_fb451/fast] Error 2



